2022-06-23 15:16:33.509 INFO [main] cn.ecust.DemoApplication : Starting DemoApplication using Java 17.0.2 on DESKTOP-7CO275H with PID 8128 (D:\IntelliJ IDEA Community Edition 2022.1\project\target\classes started by DELL in D:\IntelliJ IDEA Community Edition 2022.1\project)
2022-06-23 15:16:33.531 INFO [main] cn.ecust.DemoApplication : No active profile set, falling back to 1 default profile: "default"
2022-06-23 15:22:18.444 INFO [main] cn.ecust.DemoApplication : Starting DemoApplication using Java 17.0.2 on DESKTOP-7CO275H with PID 2108 (D:\IntelliJ IDEA Community Edition 2022.1\project\target\classes started by DELL in D:\IntelliJ IDEA Community Edition 2022.1\project)
2022-06-23 15:22:18.452 INFO [main] cn.ecust.DemoApplication : No active profile set, falling back to 1 default profile: "default"
2022-06-23 15:22:19.474 INFO [main] org.apache.catalina.core.AprLifecycleListener : Loaded Apache Tomcat Native library [1.2.32] using APR version [1.7.0].
2022-06-23 15:22:19.475 INFO [main] org.apache.catalina.core.AprLifecycleListener : APR capabilities: IPv6 [true], sendfile [true], accept filters [false], random [true], UDS [true].
2022-06-23 15:22:19.475 INFO [main] org.apache.catalina.core.AprLifecycleListener : APR/OpenSSL configuration: useAprConnector [false], useOpenSSL [true]
2022-06-23 15:22:19.487 INFO [main] org.apache.catalina.core.AprLifecycleListener : OpenSSL successfully initialized [OpenSSL 1.1.1n  15 Mar 2022]
2022-06-23 15:22:19.496 INFO [main] org.apache.coyote.http11.Http11NioProtocol : Initializing ProtocolHandler ["http-nio-8081"]
2022-06-23 15:22:19.496 INFO [main] org.apache.catalina.core.StandardService : Starting service [Tomcat]
2022-06-23 15:22:19.497 INFO [main] org.apache.catalina.core.StandardEngine : Starting Servlet engine: [Apache Tomcat/9.0.62]
2022-06-23 15:22:19.575 INFO [main] org.apache.catalina.core.ContainerBase.[Tomcat].[localhost].[/] : Initializing Spring embedded WebApplicationContext
2022-06-23 15:22:19.664 INFO [main] com.alibaba.druid.spring.boot.autoconfigure.DruidDataSourceAutoConfigure : Init DruidDataSource
2022-06-23 15:22:20.177 INFO [main] com.alibaba.druid.pool.DruidDataSource : {dataSource-1} inited
2022-06-23 15:22:20.741 INFO [main] org.apache.coyote.http11.Http11NioProtocol : Starting ProtocolHandler ["http-nio-8081"]
2022-06-23 15:22:20.768 INFO [main] cn.ecust.DemoApplication : Started DemoApplication in 2.704 seconds (JVM running for 3.54)
2022-06-23 15:23:45.060 INFO [http-nio-8081-exec-1] org.apache.catalina.core.ContainerBase.[Tomcat].[localhost].[/] : Initializing Spring DispatcherServlet 'dispatcherServlet'
2022-06-23 15:40:35.894 INFO [SpringApplicationShutdownHook] com.alibaba.druid.pool.DruidDataSource : {dataSource-1} closing ...
2022-06-23 15:40:35.910 INFO [SpringApplicationShutdownHook] com.alibaba.druid.pool.DruidDataSource : {dataSource-1} closed
2022-06-23 15:40:39.542 INFO [main] cn.ecust.DemoApplication : Starting DemoApplication using Java 17.0.2 on DESKTOP-7CO275H with PID 22764 (D:\IntelliJ IDEA Community Edition 2022.1\project\target\classes started by DELL in D:\IntelliJ IDEA Community Edition 2022.1\project)
2022-06-23 15:40:39.557 INFO [main] cn.ecust.DemoApplication : No active profile set, falling back to 1 default profile: "default"
2022-06-23 15:40:40.462 INFO [main] org.apache.catalina.core.AprLifecycleListener : Loaded Apache Tomcat Native library [1.2.32] using APR version [1.7.0].
2022-06-23 15:40:40.462 INFO [main] org.apache.catalina.core.AprLifecycleListener : APR capabilities: IPv6 [true], sendfile [true], accept filters [false], random [true], UDS [true].
2022-06-23 15:40:40.462 INFO [main] org.apache.catalina.core.AprLifecycleListener : APR/OpenSSL configuration: useAprConnector [false], useOpenSSL [true]
2022-06-23 15:40:40.462 INFO [main] org.apache.catalina.core.AprLifecycleListener : OpenSSL successfully initialized [OpenSSL 1.1.1n  15 Mar 2022]
2022-06-23 15:40:40.478 INFO [main] org.apache.coyote.http11.Http11NioProtocol : Initializing ProtocolHandler ["http-nio-8081"]
2022-06-23 15:40:40.478 INFO [main] org.apache.catalina.core.StandardService : Starting service [Tomcat]
2022-06-23 15:40:40.478 INFO [main] org.apache.catalina.core.StandardEngine : Starting Servlet engine: [Apache Tomcat/9.0.62]
2022-06-23 15:40:40.540 INFO [main] org.apache.catalina.core.ContainerBase.[Tomcat].[localhost].[/] : Initializing Spring embedded WebApplicationContext
2022-06-23 15:40:40.618 INFO [main] com.alibaba.druid.spring.boot.autoconfigure.DruidDataSourceAutoConfigure : Init DruidDataSource
2022-06-23 15:40:41.040 INFO [main] com.alibaba.druid.pool.DruidDataSource : {dataSource-1} inited
2022-06-23 15:40:41.618 INFO [main] org.apache.coyote.http11.Http11NioProtocol : Starting ProtocolHandler ["http-nio-8081"]
2022-06-23 15:40:41.650 INFO [main] cn.ecust.DemoApplication : Started DemoApplication in 2.417 seconds (JVM running for 3.075)
2022-06-23 15:40:46.450 INFO [http-nio-8081-exec-1] org.apache.catalina.core.ContainerBase.[Tomcat].[localhost].[/] : Initializing Spring DispatcherServlet 'dispatcherServlet'
2022-06-23 15:56:19.997 INFO [SpringApplicationShutdownHook] com.alibaba.druid.pool.DruidDataSource : {dataSource-1} closing ...
2022-06-23 15:56:19.997 INFO [SpringApplicationShutdownHook] com.alibaba.druid.pool.DruidDataSource : {dataSource-1} closed
2022-06-23 15:56:22.379 INFO [main] cn.ecust.DemoApplication : Starting DemoApplication using Java 17.0.2 on DESKTOP-7CO275H with PID 13872 (D:\IntelliJ IDEA Community Edition 2022.1\project\target\classes started by DELL in D:\IntelliJ IDEA Community Edition 2022.1\project)
2022-06-23 15:56:22.391 INFO [main] cn.ecust.DemoApplication : No active profile set, falling back to 1 default profile: "default"
2022-06-23 15:56:23.330 INFO [main] org.apache.catalina.core.AprLifecycleListener : Loaded Apache Tomcat Native library [1.2.32] using APR version [1.7.0].
2022-06-23 15:56:23.330 INFO [main] org.apache.catalina.core.AprLifecycleListener : APR capabilities: IPv6 [true], sendfile [true], accept filters [false], random [true], UDS [true].
2022-06-23 15:56:23.330 INFO [main] org.apache.catalina.core.AprLifecycleListener : APR/OpenSSL configuration: useAprConnector [false], useOpenSSL [true]
2022-06-23 15:56:23.330 INFO [main] org.apache.catalina.core.AprLifecycleListener : OpenSSL successfully initialized [OpenSSL 1.1.1n  15 Mar 2022]
2022-06-23 15:56:23.330 INFO [main] org.apache.coyote.http11.Http11NioProtocol : Initializing ProtocolHandler ["http-nio-8081"]
2022-06-23 15:56:23.330 INFO [main] org.apache.catalina.core.StandardService : Starting service [Tomcat]
2022-06-23 15:56:23.330 INFO [main] org.apache.catalina.core.StandardEngine : Starting Servlet engine: [Apache Tomcat/9.0.62]
2022-06-23 15:56:23.408 INFO [main] org.apache.catalina.core.ContainerBase.[Tomcat].[localhost].[/] : Initializing Spring embedded WebApplicationContext
2022-06-23 15:56:23.470 INFO [main] com.alibaba.druid.spring.boot.autoconfigure.DruidDataSourceAutoConfigure : Init DruidDataSource
2022-06-23 15:56:23.899 INFO [main] com.alibaba.druid.pool.DruidDataSource : {dataSource-1} inited
2022-06-23 15:56:24.506 INFO [main] org.apache.coyote.http11.Http11NioProtocol : Starting ProtocolHandler ["http-nio-8081"]
2022-06-23 15:56:24.539 INFO [main] cn.ecust.DemoApplication : Started DemoApplication in 2.466 seconds (JVM running for 3.179)
2022-06-23 15:56:28.376 INFO [http-nio-8081-exec-1] org.apache.catalina.core.ContainerBase.[Tomcat].[localhost].[/] : Initializing Spring DispatcherServlet 'dispatcherServlet'
2022-06-23 15:57:37.903 INFO [SpringApplicationShutdownHook] com.alibaba.druid.pool.DruidDataSource : {dataSource-1} closing ...
2022-06-23 15:57:37.908 INFO [SpringApplicationShutdownHook] com.alibaba.druid.pool.DruidDataSource : {dataSource-1} closed
2022-06-23 15:57:40.060 INFO [main] cn.ecust.DemoApplication : Starting DemoApplication using Java 17.0.2 on DESKTOP-7CO275H with PID 9988 (D:\IntelliJ IDEA Community Edition 2022.1\project\target\classes started by DELL in D:\IntelliJ IDEA Community Edition 2022.1\project)
2022-06-23 15:57:40.071 INFO [main] cn.ecust.DemoApplication : No active profile set, falling back to 1 default profile: "default"
2022-06-23 15:57:41.009 INFO [main] org.apache.catalina.core.AprLifecycleListener : Loaded Apache Tomcat Native library [1.2.32] using APR version [1.7.0].
2022-06-23 15:57:41.009 INFO [main] org.apache.catalina.core.AprLifecycleListener : APR capabilities: IPv6 [true], sendfile [true], accept filters [false], random [true], UDS [true].
2022-06-23 15:57:41.009 INFO [main] org.apache.catalina.core.AprLifecycleListener : APR/OpenSSL configuration: useAprConnector [false], useOpenSSL [true]
2022-06-23 15:57:41.009 INFO [main] org.apache.catalina.core.AprLifecycleListener : OpenSSL successfully initialized [OpenSSL 1.1.1n  15 Mar 2022]
2022-06-23 15:57:41.009 INFO [main] org.apache.coyote.http11.Http11NioProtocol : Initializing ProtocolHandler ["http-nio-8081"]
2022-06-23 15:57:41.009 INFO [main] org.apache.catalina.core.StandardService : Starting service [Tomcat]
2022-06-23 15:57:41.025 INFO [main] org.apache.catalina.core.StandardEngine : Starting Servlet engine: [Apache Tomcat/9.0.62]
2022-06-23 15:57:41.087 INFO [main] org.apache.catalina.core.ContainerBase.[Tomcat].[localhost].[/] : Initializing Spring embedded WebApplicationContext
2022-06-23 15:57:41.181 INFO [main] com.alibaba.druid.spring.boot.autoconfigure.DruidDataSourceAutoConfigure : Init DruidDataSource
2022-06-23 15:57:41.603 INFO [main] com.alibaba.druid.pool.DruidDataSource : {dataSource-1} inited
2022-06-23 15:57:42.071 INFO [main] org.apache.coyote.http11.Http11NioProtocol : Starting ProtocolHandler ["http-nio-8081"]
2022-06-23 15:57:42.103 INFO [main] cn.ecust.DemoApplication : Started DemoApplication in 2.338 seconds (JVM running for 3.021)
2022-06-23 15:58:36.146 INFO [http-nio-8081-exec-1] org.apache.catalina.core.ContainerBase.[Tomcat].[localhost].[/] : Initializing Spring DispatcherServlet 'dispatcherServlet'
2022-06-23 16:22:52.214 INFO [SpringApplicationShutdownHook] com.alibaba.druid.pool.DruidDataSource : {dataSource-1} closing ...
2022-06-23 16:22:52.214 INFO [SpringApplicationShutdownHook] com.alibaba.druid.pool.DruidDataSource : {dataSource-1} closed
2022-06-23 22:10:03.037 INFO [main] cn.ecust.DemoApplication : Starting DemoApplication using Java 17.0.2 on DESKTOP-7CO275H with PID 10356 (D:\IntelliJ IDEA Community Edition 2022.1\project\target\classes started by DELL in D:\IntelliJ IDEA Community Edition 2022.1\project)
2022-06-23 22:10:03.046 INFO [main] cn.ecust.DemoApplication : No active profile set, falling back to 1 default profile: "default"
2022-06-23 22:10:04.220 INFO [main] org.apache.catalina.core.AprLifecycleListener : Loaded Apache Tomcat Native library [1.2.32] using APR version [1.7.0].
2022-06-23 22:10:04.221 INFO [main] org.apache.catalina.core.AprLifecycleListener : APR capabilities: IPv6 [true], sendfile [true], accept filters [false], random [true], UDS [true].
2022-06-23 22:10:04.221 INFO [main] org.apache.catalina.core.AprLifecycleListener : APR/OpenSSL configuration: useAprConnector [false], useOpenSSL [true]
2022-06-23 22:10:04.234 INFO [main] org.apache.catalina.core.AprLifecycleListener : OpenSSL successfully initialized [OpenSSL 1.1.1n  15 Mar 2022]
2022-06-23 22:10:04.244 INFO [main] org.apache.coyote.http11.Http11NioProtocol : Initializing ProtocolHandler ["http-nio-8081"]
2022-06-23 22:10:04.245 INFO [main] org.apache.catalina.core.StandardService : Starting service [Tomcat]
2022-06-23 22:10:04.245 INFO [main] org.apache.catalina.core.StandardEngine : Starting Servlet engine: [Apache Tomcat/9.0.62]
2022-06-23 22:10:04.333 INFO [main] org.apache.catalina.core.ContainerBase.[Tomcat].[localhost].[/] : Initializing Spring embedded WebApplicationContext
2022-06-23 22:10:04.464 INFO [main] com.alibaba.druid.spring.boot.autoconfigure.DruidDataSourceAutoConfigure : Init DruidDataSource
2022-06-23 22:10:05.074 INFO [main] com.alibaba.druid.pool.DruidDataSource : {dataSource-1} inited
2022-06-23 22:10:05.720 INFO [main] org.apache.coyote.http11.Http11NioProtocol : Starting ProtocolHandler ["http-nio-8081"]
2022-06-23 22:10:05.749 INFO [main] cn.ecust.DemoApplication : Started DemoApplication in 3.066 seconds (JVM running for 3.819)
2022-06-23 22:10:15.932 INFO [http-nio-8081-exec-1] org.apache.catalina.core.ContainerBase.[Tomcat].[localhost].[/] : Initializing Spring DispatcherServlet 'dispatcherServlet'
2022-06-23 22:27:03.318 INFO [SpringApplicationShutdownHook] com.alibaba.druid.pool.DruidDataSource : {dataSource-1} closing ...
2022-06-23 22:27:03.330 INFO [SpringApplicationShutdownHook] com.alibaba.druid.pool.DruidDataSource : {dataSource-1} closed
2022-06-23 22:27:06.227 INFO [main] cn.ecust.DemoApplication : Starting DemoApplication using Java 17.0.2 on DESKTOP-7CO275H with PID 17552 (D:\IntelliJ IDEA Community Edition 2022.1\project\target\classes started by DELL in D:\IntelliJ IDEA Community Edition 2022.1\project)
2022-06-23 22:27:06.238 INFO [main] cn.ecust.DemoApplication : No active profile set, falling back to 1 default profile: "default"
2022-06-23 22:27:07.291 INFO [main] org.apache.catalina.core.AprLifecycleListener : Loaded Apache Tomcat Native library [1.2.32] using APR version [1.7.0].
2022-06-23 22:27:07.291 INFO [main] org.apache.catalina.core.AprLifecycleListener : APR capabilities: IPv6 [true], sendfile [true], accept filters [false], random [true], UDS [true].
2022-06-23 22:27:07.292 INFO [main] org.apache.catalina.core.AprLifecycleListener : APR/OpenSSL configuration: useAprConnector [false], useOpenSSL [true]
2022-06-23 22:27:07.295 INFO [main] org.apache.catalina.core.AprLifecycleListener : OpenSSL successfully initialized [OpenSSL 1.1.1n  15 Mar 2022]
2022-06-23 22:27:07.302 INFO [main] org.apache.coyote.http11.Http11NioProtocol : Initializing ProtocolHandler ["http-nio-8081"]
2022-06-23 22:27:07.302 INFO [main] org.apache.catalina.core.StandardService : Starting service [Tomcat]
2022-06-23 22:27:07.302 INFO [main] org.apache.catalina.core.StandardEngine : Starting Servlet engine: [Apache Tomcat/9.0.62]
2022-06-23 22:27:07.377 INFO [main] org.apache.catalina.core.ContainerBase.[Tomcat].[localhost].[/] : Initializing Spring embedded WebApplicationContext
2022-06-23 22:27:07.471 INFO [main] com.alibaba.druid.spring.boot.autoconfigure.DruidDataSourceAutoConfigure : Init DruidDataSource
2022-06-23 22:27:07.988 INFO [main] com.alibaba.druid.pool.DruidDataSource : {dataSource-1} inited
2022-06-23 22:27:08.575 INFO [main] org.apache.coyote.http11.Http11NioProtocol : Starting ProtocolHandler ["http-nio-8081"]
2022-06-23 22:27:08.622 INFO [main] cn.ecust.DemoApplication : Started DemoApplication in 2.744 seconds (JVM running for 3.503)
2022-06-23 22:27:26.650 INFO [http-nio-8081-exec-1] org.apache.catalina.core.ContainerBase.[Tomcat].[localhost].[/] : Initializing Spring DispatcherServlet 'dispatcherServlet'
2022-06-23 22:31:14.864 INFO [SpringApplicationShutdownHook] com.alibaba.druid.pool.DruidDataSource : {dataSource-1} closing ...
2022-06-23 22:31:14.874 INFO [SpringApplicationShutdownHook] com.alibaba.druid.pool.DruidDataSource : {dataSource-1} closed
2022-06-23 22:31:17.353 INFO [main] cn.ecust.DemoApplication : Starting DemoApplication using Java 17.0.2 on DESKTOP-7CO275H with PID 9200 (D:\IntelliJ IDEA Community Edition 2022.1\project\target\classes started by DELL in D:\IntelliJ IDEA Community Edition 2022.1\project)
2022-06-23 22:31:17.362 INFO [main] cn.ecust.DemoApplication : No active profile set, falling back to 1 default profile: "default"
2022-06-23 22:31:18.560 INFO [main] org.apache.catalina.core.AprLifecycleListener : Loaded Apache Tomcat Native library [1.2.32] using APR version [1.7.0].
2022-06-23 22:31:18.560 INFO [main] org.apache.catalina.core.AprLifecycleListener : APR capabilities: IPv6 [true], sendfile [true], accept filters [false], random [true], UDS [true].
2022-06-23 22:31:18.561 INFO [main] org.apache.catalina.core.AprLifecycleListener : APR/OpenSSL configuration: useAprConnector [false], useOpenSSL [true]
2022-06-23 22:31:18.565 INFO [main] org.apache.catalina.core.AprLifecycleListener : OpenSSL successfully initialized [OpenSSL 1.1.1n  15 Mar 2022]
2022-06-23 22:31:18.576 INFO [main] org.apache.coyote.http11.Http11NioProtocol : Initializing ProtocolHandler ["http-nio-8081"]
2022-06-23 22:31:18.577 INFO [main] org.apache.catalina.core.StandardService : Starting service [Tomcat]
2022-06-23 22:31:18.577 INFO [main] org.apache.catalina.core.StandardEngine : Starting Servlet engine: [Apache Tomcat/9.0.62]
2022-06-23 22:31:18.672 INFO [main] org.apache.catalina.core.ContainerBase.[Tomcat].[localhost].[/] : Initializing Spring embedded WebApplicationContext
2022-06-23 22:31:18.772 INFO [main] com.alibaba.druid.spring.boot.autoconfigure.DruidDataSourceAutoConfigure : Init DruidDataSource
2022-06-23 22:31:19.258 INFO [main] com.alibaba.druid.pool.DruidDataSource : {dataSource-1} inited
2022-06-23 22:31:20.142 INFO [main] org.apache.coyote.http11.Http11NioProtocol : Starting ProtocolHandler ["http-nio-8081"]
2022-06-23 22:31:20.204 INFO [main] cn.ecust.DemoApplication : Started DemoApplication in 3.252 seconds (JVM running for 4.044)
2022-06-23 22:31:23.449 INFO [http-nio-8081-exec-1] org.apache.catalina.core.ContainerBase.[Tomcat].[localhost].[/] : Initializing Spring DispatcherServlet 'dispatcherServlet'
2022-06-23 22:32:22.714 ERROR[http-nio-8081-exec-4] org.thymeleaf.TemplateEngine : [THYMELEAF][http-nio-8081-exec-4] Exception processing template "密码修改成功！": Error resolving template [密码修改成功！], template might not exist or might not be accessible by any of the configured Template Resolvers
org.thymeleaf.exceptions.TemplateInputException: Error resolving template [密码修改成功！], template might not exist or might not be accessible by any of the configured Template Resolvers
	at org.thymeleaf.engine.TemplateManager.resolveTemplate(TemplateManager.java:869) ~[thymeleaf-3.0.15.RELEASE.jar:3.0.15.RELEASE]
	at org.thymeleaf.engine.TemplateManager.parseAndProcess(TemplateManager.java:607) ~[thymeleaf-3.0.15.RELEASE.jar:3.0.15.RELEASE]
	at org.thymeleaf.TemplateEngine.process(TemplateEngine.java:1098) ~[thymeleaf-3.0.15.RELEASE.jar:3.0.15.RELEASE]
	at org.thymeleaf.TemplateEngine.process(TemplateEngine.java:1072) ~[thymeleaf-3.0.15.RELEASE.jar:3.0.15.RELEASE]
	at org.thymeleaf.spring5.view.ThymeleafView.renderFragment(ThymeleafView.java:366) ~[thymeleaf-spring5-3.0.15.RELEASE.jar:3.0.15.RELEASE]
	at org.thymeleaf.spring5.view.ThymeleafView.render(ThymeleafView.java:190) ~[thymeleaf-spring5-3.0.15.RELEASE.jar:3.0.15.RELEASE]
	at org.springframework.web.servlet.DispatcherServlet.render(DispatcherServlet.java:1401) ~[spring-webmvc-5.3.19.jar:5.3.19]
	at org.springframework.web.servlet.DispatcherServlet.processDispatchResult(DispatcherServlet.java:1145) ~[spring-webmvc-5.3.19.jar:5.3.19]
	at org.springframework.web.servlet.DispatcherServlet.doDispatch(DispatcherServlet.java:1084) ~[spring-webmvc-5.3.19.jar:5.3.19]
	at org.springframework.web.servlet.DispatcherServlet.doService(DispatcherServlet.java:963) ~[spring-webmvc-5.3.19.jar:5.3.19]
	at org.springframework.web.servlet.FrameworkServlet.processRequest(FrameworkServlet.java:1006) ~[spring-webmvc-5.3.19.jar:5.3.19]
	at org.springframework.web.servlet.FrameworkServlet.doPut(FrameworkServlet.java:920) ~[spring-webmvc-5.3.19.jar:5.3.19]
	at javax.servlet.http.HttpServlet.service(HttpServlet.java:684) ~[tomcat-embed-core-9.0.62.jar:4.0.FR]
	at org.springframework.web.servlet.FrameworkServlet.service(FrameworkServlet.java:883) ~[spring-webmvc-5.3.19.jar:5.3.19]
	at javax.servlet.http.HttpServlet.service(HttpServlet.java:764) ~[tomcat-embed-core-9.0.62.jar:4.0.FR]
	at org.apache.catalina.core.ApplicationFilterChain.internalDoFilter(ApplicationFilterChain.java:227) ~[tomcat-embed-core-9.0.62.jar:9.0.62]
	at org.apache.catalina.core.ApplicationFilterChain.doFilter(ApplicationFilterChain.java:162) ~[tomcat-embed-core-9.0.62.jar:9.0.62]
	at org.apache.tomcat.websocket.server.WsFilter.doFilter(WsFilter.java:53) ~[tomcat-embed-websocket-9.0.62.jar:9.0.62]
	at org.apache.catalina.core.ApplicationFilterChain.internalDoFilter(ApplicationFilterChain.java:189) ~[tomcat-embed-core-9.0.62.jar:9.0.62]
	at org.apache.catalina.core.ApplicationFilterChain.doFilter(ApplicationFilterChain.java:162) ~[tomcat-embed-core-9.0.62.jar:9.0.62]
	at com.alibaba.druid.support.http.WebStatFilter.doFilter(WebStatFilter.java:114) ~[druid-1.2.11.jar:1.2.11]
	at org.apache.catalina.core.ApplicationFilterChain.internalDoFilter(ApplicationFilterChain.java:189) ~[tomcat-embed-core-9.0.62.jar:9.0.62]
	at org.apache.catalina.core.ApplicationFilterChain.doFilter(ApplicationFilterChain.java:162) ~[tomcat-embed-core-9.0.62.jar:9.0.62]
	at org.springframework.web.filter.FormContentFilter.doFilterInternal(FormContentFilter.java:93) ~[spring-web-5.3.19.jar:5.3.19]
	at org.springframework.web.filter.OncePerRequestFilter.doFilter(OncePerRequestFilter.java:117) ~[spring-web-5.3.19.jar:5.3.19]
	at org.apache.catalina.core.ApplicationFilterChain.internalDoFilter(ApplicationFilterChain.java:189) ~[tomcat-embed-core-9.0.62.jar:9.0.62]
	at org.apache.catalina.core.ApplicationFilterChain.doFilter(ApplicationFilterChain.java:162) ~[tomcat-embed-core-9.0.62.jar:9.0.62]
	at org.springframework.web.filter.RequestContextFilter.doFilterInternal(RequestContextFilter.java:100) ~[spring-web-5.3.19.jar:5.3.19]
	at org.springframework.web.filter.OncePerRequestFilter.doFilter(OncePerRequestFilter.java:117) ~[spring-web-5.3.19.jar:5.3.19]
	at org.apache.catalina.core.ApplicationFilterChain.internalDoFilter(ApplicationFilterChain.java:189) ~[tomcat-embed-core-9.0.62.jar:9.0.62]
	at org.apache.catalina.core.ApplicationFilterChain.doFilter(ApplicationFilterChain.java:162) ~[tomcat-embed-core-9.0.62.jar:9.0.62]
	at org.springframework.web.filter.FormContentFilter.doFilterInternal(FormContentFilter.java:93) ~[spring-web-5.3.19.jar:5.3.19]
	at org.springframework.web.filter.OncePerRequestFilter.doFilter(OncePerRequestFilter.java:117) ~[spring-web-5.3.19.jar:5.3.19]
	at org.apache.catalina.core.ApplicationFilterChain.internalDoFilter(ApplicationFilterChain.java:189) ~[tomcat-embed-core-9.0.62.jar:9.0.62]
	at org.apache.catalina.core.ApplicationFilterChain.doFilter(ApplicationFilterChain.java:162) ~[tomcat-embed-core-9.0.62.jar:9.0.62]
	at org.springframework.web.filter.CharacterEncodingFilter.doFilterInternal(CharacterEncodingFilter.java:201) ~[spring-web-5.3.19.jar:5.3.19]
	at org.springframework.web.filter.OncePerRequestFilter.doFilter(OncePerRequestFilter.java:117) ~[spring-web-5.3.19.jar:5.3.19]
	at org.apache.catalina.core.ApplicationFilterChain.internalDoFilter(ApplicationFilterChain.java:189) ~[tomcat-embed-core-9.0.62.jar:9.0.62]
	at org.apache.catalina.core.ApplicationFilterChain.doFilter(ApplicationFilterChain.java:162) ~[tomcat-embed-core-9.0.62.jar:9.0.62]
	at org.apache.catalina.core.StandardWrapperValve.invoke(StandardWrapperValve.java:197) ~[tomcat-embed-core-9.0.62.jar:9.0.62]
	at org.apache.catalina.core.StandardContextValve.invoke(StandardContextValve.java:97) ~[tomcat-embed-core-9.0.62.jar:9.0.62]
	at org.apache.catalina.authenticator.AuthenticatorBase.invoke(AuthenticatorBase.java:541) ~[tomcat-embed-core-9.0.62.jar:9.0.62]
	at org.apache.catalina.core.StandardHostValve.invoke(StandardHostValve.java:135) ~[tomcat-embed-core-9.0.62.jar:9.0.62]
	at org.apache.catalina.valves.ErrorReportValve.invoke(ErrorReportValve.java:92) ~[tomcat-embed-core-9.0.62.jar:9.0.62]
	at org.apache.catalina.core.StandardEngineValve.invoke(StandardEngineValve.java:78) ~[tomcat-embed-core-9.0.62.jar:9.0.62]
	at org.apache.catalina.connector.CoyoteAdapter.service(CoyoteAdapter.java:360) ~[tomcat-embed-core-9.0.62.jar:9.0.62]
	at org.apache.coyote.http11.Http11Processor.service(Http11Processor.java:399) ~[tomcat-embed-core-9.0.62.jar:9.0.62]
	at org.apache.coyote.AbstractProcessorLight.process(AbstractProcessorLight.java:65) ~[tomcat-embed-core-9.0.62.jar:9.0.62]
	at org.apache.coyote.AbstractProtocol$ConnectionHandler.process(AbstractProtocol.java:890) ~[tomcat-embed-core-9.0.62.jar:9.0.62]
	at org.apache.tomcat.util.net.NioEndpoint$SocketProcessor.doRun(NioEndpoint.java:1743) ~[tomcat-embed-core-9.0.62.jar:9.0.62]
	at org.apache.tomcat.util.net.SocketProcessorBase.run(SocketProcessorBase.java:49) ~[tomcat-embed-core-9.0.62.jar:9.0.62]
	at org.apache.tomcat.util.threads.ThreadPoolExecutor.runWorker(ThreadPoolExecutor.java:1191) ~[tomcat-embed-core-9.0.62.jar:9.0.62]
	at org.apache.tomcat.util.threads.ThreadPoolExecutor$Worker.run(ThreadPoolExecutor.java:659) ~[tomcat-embed-core-9.0.62.jar:9.0.62]
	at org.apache.tomcat.util.threads.TaskThread$WrappingRunnable.run(TaskThread.java:61) ~[tomcat-embed-core-9.0.62.jar:9.0.62]
	at java.lang.Thread.run(Thread.java:833) ~[?:?]
2022-06-23 22:32:22.735 ERROR[http-nio-8081-exec-4] org.apache.catalina.core.ContainerBase.[Tomcat].[localhost].[/].[dispatcherServlet] : Servlet.service() for servlet [dispatcherServlet] in context with path [] threw exception [Request processing failed; nested exception is org.thymeleaf.exceptions.TemplateInputException: Error resolving template [密码修改成功！], template might not exist or might not be accessible by any of the configured Template Resolvers] with root cause
org.thymeleaf.exceptions.TemplateInputException: Error resolving template [密码修改成功！], template might not exist or might not be accessible by any of the configured Template Resolvers
	at org.thymeleaf.engine.TemplateManager.resolveTemplate(TemplateManager.java:869) ~[thymeleaf-3.0.15.RELEASE.jar:3.0.15.RELEASE]
	at org.thymeleaf.engine.TemplateManager.parseAndProcess(TemplateManager.java:607) ~[thymeleaf-3.0.15.RELEASE.jar:3.0.15.RELEASE]
	at org.thymeleaf.TemplateEngine.process(TemplateEngine.java:1098) ~[thymeleaf-3.0.15.RELEASE.jar:3.0.15.RELEASE]
	at org.thymeleaf.TemplateEngine.process(TemplateEngine.java:1072) ~[thymeleaf-3.0.15.RELEASE.jar:3.0.15.RELEASE]
	at org.thymeleaf.spring5.view.ThymeleafView.renderFragment(ThymeleafView.java:366) ~[thymeleaf-spring5-3.0.15.RELEASE.jar:3.0.15.RELEASE]
	at org.thymeleaf.spring5.view.ThymeleafView.render(ThymeleafView.java:190) ~[thymeleaf-spring5-3.0.15.RELEASE.jar:3.0.15.RELEASE]
	at org.springframework.web.servlet.DispatcherServlet.render(DispatcherServlet.java:1401) ~[spring-webmvc-5.3.19.jar:5.3.19]
	at org.springframework.web.servlet.DispatcherServlet.processDispatchResult(DispatcherServlet.java:1145) ~[spring-webmvc-5.3.19.jar:5.3.19]
	at org.springframework.web.servlet.DispatcherServlet.doDispatch(DispatcherServlet.java:1084) ~[spring-webmvc-5.3.19.jar:5.3.19]
	at org.springframework.web.servlet.DispatcherServlet.doService(DispatcherServlet.java:963) ~[spring-webmvc-5.3.19.jar:5.3.19]
	at org.springframework.web.servlet.FrameworkServlet.processRequest(FrameworkServlet.java:1006) ~[spring-webmvc-5.3.19.jar:5.3.19]
	at org.springframework.web.servlet.FrameworkServlet.doPut(FrameworkServlet.java:920) ~[spring-webmvc-5.3.19.jar:5.3.19]
	at javax.servlet.http.HttpServlet.service(HttpServlet.java:684) ~[tomcat-embed-core-9.0.62.jar:4.0.FR]
	at org.springframework.web.servlet.FrameworkServlet.service(FrameworkServlet.java:883) ~[spring-webmvc-5.3.19.jar:5.3.19]
	at javax.servlet.http.HttpServlet.service(HttpServlet.java:764) ~[tomcat-embed-core-9.0.62.jar:4.0.FR]
	at org.apache.catalina.core.ApplicationFilterChain.internalDoFilter(ApplicationFilterChain.java:227) ~[tomcat-embed-core-9.0.62.jar:9.0.62]
	at org.apache.catalina.core.ApplicationFilterChain.doFilter(ApplicationFilterChain.java:162) ~[tomcat-embed-core-9.0.62.jar:9.0.62]
	at org.apache.tomcat.websocket.server.WsFilter.doFilter(WsFilter.java:53) ~[tomcat-embed-websocket-9.0.62.jar:9.0.62]
	at org.apache.catalina.core.ApplicationFilterChain.internalDoFilter(ApplicationFilterChain.java:189) ~[tomcat-embed-core-9.0.62.jar:9.0.62]
	at org.apache.catalina.core.ApplicationFilterChain.doFilter(ApplicationFilterChain.java:162) ~[tomcat-embed-core-9.0.62.jar:9.0.62]
	at com.alibaba.druid.support.http.WebStatFilter.doFilter(WebStatFilter.java:114) ~[druid-1.2.11.jar:1.2.11]
	at org.apache.catalina.core.ApplicationFilterChain.internalDoFilter(ApplicationFilterChain.java:189) ~[tomcat-embed-core-9.0.62.jar:9.0.62]
	at org.apache.catalina.core.ApplicationFilterChain.doFilter(ApplicationFilterChain.java:162) ~[tomcat-embed-core-9.0.62.jar:9.0.62]
	at org.springframework.web.filter.FormContentFilter.doFilterInternal(FormContentFilter.java:93) ~[spring-web-5.3.19.jar:5.3.19]
	at org.springframework.web.filter.OncePerRequestFilter.doFilter(OncePerRequestFilter.java:117) ~[spring-web-5.3.19.jar:5.3.19]
	at org.apache.catalina.core.ApplicationFilterChain.internalDoFilter(ApplicationFilterChain.java:189) ~[tomcat-embed-core-9.0.62.jar:9.0.62]
	at org.apache.catalina.core.ApplicationFilterChain.doFilter(ApplicationFilterChain.java:162) ~[tomcat-embed-core-9.0.62.jar:9.0.62]
	at org.springframework.web.filter.RequestContextFilter.doFilterInternal(RequestContextFilter.java:100) ~[spring-web-5.3.19.jar:5.3.19]
	at org.springframework.web.filter.OncePerRequestFilter.doFilter(OncePerRequestFilter.java:117) ~[spring-web-5.3.19.jar:5.3.19]
	at org.apache.catalina.core.ApplicationFilterChain.internalDoFilter(ApplicationFilterChain.java:189) ~[tomcat-embed-core-9.0.62.jar:9.0.62]
	at org.apache.catalina.core.ApplicationFilterChain.doFilter(ApplicationFilterChain.java:162) ~[tomcat-embed-core-9.0.62.jar:9.0.62]
	at org.springframework.web.filter.FormContentFilter.doFilterInternal(FormContentFilter.java:93) ~[spring-web-5.3.19.jar:5.3.19]
	at org.springframework.web.filter.OncePerRequestFilter.doFilter(OncePerRequestFilter.java:117) ~[spring-web-5.3.19.jar:5.3.19]
	at org.apache.catalina.core.ApplicationFilterChain.internalDoFilter(ApplicationFilterChain.java:189) ~[tomcat-embed-core-9.0.62.jar:9.0.62]
	at org.apache.catalina.core.ApplicationFilterChain.doFilter(ApplicationFilterChain.java:162) ~[tomcat-embed-core-9.0.62.jar:9.0.62]
	at org.springframework.web.filter.CharacterEncodingFilter.doFilterInternal(CharacterEncodingFilter.java:201) ~[spring-web-5.3.19.jar:5.3.19]
	at org.springframework.web.filter.OncePerRequestFilter.doFilter(OncePerRequestFilter.java:117) ~[spring-web-5.3.19.jar:5.3.19]
	at org.apache.catalina.core.ApplicationFilterChain.internalDoFilter(ApplicationFilterChain.java:189) ~[tomcat-embed-core-9.0.62.jar:9.0.62]
	at org.apache.catalina.core.ApplicationFilterChain.doFilter(ApplicationFilterChain.java:162) ~[tomcat-embed-core-9.0.62.jar:9.0.62]
	at org.apache.catalina.core.StandardWrapperValve.invoke(StandardWrapperValve.java:197) ~[tomcat-embed-core-9.0.62.jar:9.0.62]
	at org.apache.catalina.core.StandardContextValve.invoke(StandardContextValve.java:97) ~[tomcat-embed-core-9.0.62.jar:9.0.62]
	at org.apache.catalina.authenticator.AuthenticatorBase.invoke(AuthenticatorBase.java:541) ~[tomcat-embed-core-9.0.62.jar:9.0.62]
	at org.apache.catalina.core.StandardHostValve.invoke(StandardHostValve.java:135) ~[tomcat-embed-core-9.0.62.jar:9.0.62]
	at org.apache.catalina.valves.ErrorReportValve.invoke(ErrorReportValve.java:92) ~[tomcat-embed-core-9.0.62.jar:9.0.62]
	at org.apache.catalina.core.StandardEngineValve.invoke(StandardEngineValve.java:78) ~[tomcat-embed-core-9.0.62.jar:9.0.62]
	at org.apache.catalina.connector.CoyoteAdapter.service(CoyoteAdapter.java:360) ~[tomcat-embed-core-9.0.62.jar:9.0.62]
	at org.apache.coyote.http11.Http11Processor.service(Http11Processor.java:399) ~[tomcat-embed-core-9.0.62.jar:9.0.62]
	at org.apache.coyote.AbstractProcessorLight.process(AbstractProcessorLight.java:65) ~[tomcat-embed-core-9.0.62.jar:9.0.62]
	at org.apache.coyote.AbstractProtocol$ConnectionHandler.process(AbstractProtocol.java:890) ~[tomcat-embed-core-9.0.62.jar:9.0.62]
	at org.apache.tomcat.util.net.NioEndpoint$SocketProcessor.doRun(NioEndpoint.java:1743) ~[tomcat-embed-core-9.0.62.jar:9.0.62]
	at org.apache.tomcat.util.net.SocketProcessorBase.run(SocketProcessorBase.java:49) ~[tomcat-embed-core-9.0.62.jar:9.0.62]
	at org.apache.tomcat.util.threads.ThreadPoolExecutor.runWorker(ThreadPoolExecutor.java:1191) ~[tomcat-embed-core-9.0.62.jar:9.0.62]
	at org.apache.tomcat.util.threads.ThreadPoolExecutor$Worker.run(ThreadPoolExecutor.java:659) ~[tomcat-embed-core-9.0.62.jar:9.0.62]
	at org.apache.tomcat.util.threads.TaskThread$WrappingRunnable.run(TaskThread.java:61) ~[tomcat-embed-core-9.0.62.jar:9.0.62]
	at java.lang.Thread.run(Thread.java:833) ~[?:?]
2022-06-23 22:43:21.441 INFO [SpringApplicationShutdownHook] com.alibaba.druid.pool.DruidDataSource : {dataSource-1} closing ...
2022-06-23 22:43:21.454 INFO [SpringApplicationShutdownHook] com.alibaba.druid.pool.DruidDataSource : {dataSource-1} closed
2022-06-23 22:43:26.155 INFO [main] cn.ecust.DemoApplication : Starting DemoApplication using Java 17.0.2 on DESKTOP-7CO275H with PID 24052 (D:\IntelliJ IDEA Community Edition 2022.1\project\target\classes started by DELL in D:\IntelliJ IDEA Community Edition 2022.1\project)
2022-06-23 22:43:26.170 INFO [main] cn.ecust.DemoApplication : No active profile set, falling back to 1 default profile: "default"
2022-06-23 22:43:27.453 INFO [main] org.apache.catalina.core.AprLifecycleListener : Loaded Apache Tomcat Native library [1.2.32] using APR version [1.7.0].
2022-06-23 22:43:27.453 INFO [main] org.apache.catalina.core.AprLifecycleListener : APR capabilities: IPv6 [true], sendfile [true], accept filters [false], random [true], UDS [true].
2022-06-23 22:43:27.453 INFO [main] org.apache.catalina.core.AprLifecycleListener : APR/OpenSSL configuration: useAprConnector [false], useOpenSSL [true]
2022-06-23 22:43:27.456 INFO [main] org.apache.catalina.core.AprLifecycleListener : OpenSSL successfully initialized [OpenSSL 1.1.1n  15 Mar 2022]
2022-06-23 22:43:27.463 INFO [main] org.apache.coyote.http11.Http11NioProtocol : Initializing ProtocolHandler ["http-nio-8081"]
2022-06-23 22:43:27.464 INFO [main] org.apache.catalina.core.StandardService : Starting service [Tomcat]
2022-06-23 22:43:27.465 INFO [main] org.apache.catalina.core.StandardEngine : Starting Servlet engine: [Apache Tomcat/9.0.62]
2022-06-23 22:43:27.537 INFO [main] org.apache.catalina.core.ContainerBase.[Tomcat].[localhost].[/] : Initializing Spring embedded WebApplicationContext
2022-06-23 22:43:27.619 INFO [main] com.alibaba.druid.spring.boot.autoconfigure.DruidDataSourceAutoConfigure : Init DruidDataSource
2022-06-23 22:43:28.075 INFO [main] com.alibaba.druid.pool.DruidDataSource : {dataSource-1} inited
2022-06-23 22:43:28.600 INFO [main] org.apache.coyote.http11.Http11NioProtocol : Starting ProtocolHandler ["http-nio-8081"]
2022-06-23 22:43:28.636 INFO [main] cn.ecust.DemoApplication : Started DemoApplication in 2.876 seconds (JVM running for 3.702)
2022-06-23 22:48:21.456 INFO [http-nio-8081-exec-1] org.apache.catalina.core.ContainerBase.[Tomcat].[localhost].[/] : Initializing Spring DispatcherServlet 'dispatcherServlet'
2022-06-23 23:08:33.303 INFO [SpringApplicationShutdownHook] com.alibaba.druid.pool.DruidDataSource : {dataSource-1} closing ...
2022-06-23 23:08:33.313 INFO [SpringApplicationShutdownHook] com.alibaba.druid.pool.DruidDataSource : {dataSource-1} closed
